#
# There is insufficient memory for the Java Runtime Environment to continue.
# Native memory allocation (mmap) failed to map 4128768 bytes for G1 virtual space
# Possible reasons:
#   The system is out of physical RAM or swap space
#   The process is running with CompressedOops enabled, and the Java Heap may be blocking the growth of the native heap
# Possible solutions:
#   Reduce memory load on the system
#   Increase physical memory or swap space
#   Check if swap backing store is full
#   Decrease Java heap size (-Xmx/-Xms)
#   Decrease number of Java threads
#   Decrease Java thread stack sizes (-Xss)
#   Set larger code cache with -XX:ReservedCodeCacheSize=
#   JVM is running with Zero Based Compressed Oops mode in which the Java heap is
#     placed in the first 32GB address space. The Java Heap base address is the
#     maximum limit for the native heap growth. Please use -XX:HeapBaseMinAddress
#     to set the Java Heap base and to place the Java Heap above 32GB virtual address.
# This output file may be truncated or incomplete.
#
#  Out of Memory Error (os_windows.cpp:3536), pid=26248, tid=26128
#
# JRE version:  (19.0.2+7) (build )
# Java VM: Java HotSpot(TM) 64-Bit Server VM (19.0.2+7-44, mixed mode, sharing, tiered, compressed oops, compressed class ptrs, g1 gc, windows-amd64)
# No core dump will be written. Minidumps are not enabled by default on client versions of Windows
#

---------------  S U M M A R Y ------------

Command Line: -javaagent:C:\Users\ASUS\eclipse\java-2023-12\eclipse\configuration\org.eclipse.osgi\481\0\.cp\jacocoagent.jar=includes=*,excludes=**/Main,exclclassloader=sun.reflect.DelegatingClassLoader,output=tcpclient,port=51862 -ea -Dfile.encoding=UTF-8 -Dstdout.encoding=UTF-8 -Dstderr.encoding=UTF-8 -XX:+ShowCodeDetailsInExceptionMessages org.eclipse.jdt.internal.junit.runner.RemoteTestRunner -version 3 -port 51863 -testLoaderClass org.eclipse.jdt.internal.junit4.runner.JUnit4TestLoader -loaderpluginname org.eclipse.jdt.junit4.runtime -testNameFile C:\Users\ASUS\AppData\Local\Temp\testNames507388838769439074.txt

Host: 11th Gen Intel(R) Core(TM) i7-1165G7 @ 2.80GHz, 8 cores, 15G,  Windows 11 , 64 bit Build 22621 (10.0.22621.3235)
Time: Wed Apr  3 00:51:31 2024 Jerusalem Daylight Time elapsed time: 0.010848 seconds (0d 0h 0m 0s)

---------------  T H R E A D  ---------------

Current thread (0x0000018189c33740):  JavaThread "Unknown thread" [_thread_in_vm, id=26128, stack(0x0000001b46e00000,0x0000001b46f00000)]

Stack: [0x0000001b46e00000,0x0000001b46f00000]
Native frames: (J=compiled Java code, j=interpreted, Vv=VM code, C=native code)
V  [jvm.dll+0x6ee21a]
V  [jvm.dll+0x85765e]
V  [jvm.dll+0x85904e]
V  [jvm.dll+0x859703]
V  [jvm.dll+0x28298f]
V  [jvm.dll+0x6eb009]
V  [jvm.dll+0x6dfbaa]
V  [jvm.dll+0x3573f6]
V  [jvm.dll+0x35ee56]
V  [jvm.dll+0x3b5448]
V  [jvm.dll+0x3b564f]
V  [jvm.dll+0x32c9ea]
V  [jvm.dll+0x32d89e]
V  [jvm.dll+0x821780]
V  [jvm.dll+0x3c2661]
V  [jvm.dll+0x801f51]
V  [jvm.dll+0x44ae8f]
V  [jvm.dll+0x44c811]
C  [jli.dll+0x5287]
C  [ucrtbase.dll+0x29363]
C  [KERNEL32.DLL+0x1257d]
C  [ntdll.dll+0x5aa58]


---------------  P R O C E S S  ---------------

Threads class SMR info:
_java_thread_list=0x00007ffe57cad048, length=0, elements={
}

Java Threads: ( => current thread )

Other Threads:
  0x0000018189ca4a30 WorkerThread "GC Thread#0" [stack: 0x0000001b46f00000,0x0000001b47000000] [id=27836]
  0x0000018189cb54d0 ConcurrentGCThread "G1 Main Marker" [stack: 0x0000001b47000000,0x0000001b47100000] [id=29452]
  0x0000018189cb6840 WorkerThread "G1 Conc#0" [stack: 0x0000001b47100000,0x0000001b47200000] [id=18256]

[error occurred during error reporting (printing all threads), id 0xc0000005, EXCEPTION_ACCESS_VIOLATION (0xc0000005) at pc=0x00007ffe5746d427]

VM state: not at safepoint (not fully initialized)

VM Mutex/Monitor currently owned by a thread:  ([mutex/lock_event])
[0x0000018189c2fb70] Heap_lock - owner thread: 0x0000018189c33740

Heap address: 0x0000000704c00000, size: 4020 MB, Compressed Oops mode: Zero based, Oop shift amount: 3

CDS archive(s) mapped at: [0x0000000000000000-0x0000000000000000-0x0000000000000000), size 0, SharedBaseAddress: 0x0000000800000000, ArchiveRelocationMode: 0.
Narrow klass base: 0x0000000000000000, Narrow klass shift: 0, Narrow klass range: 0x0

GC Precious Log:
 CardTable entry size: 512
 Card Set container configuration: InlinePtr #cards 4 size 8 Array Of Cards #cards 16 size 48 Howl #buckets 8 coarsen threshold 3686 Howl Bitmap #cards 512 size 80 coarsen threshold 460 Card regions per heap region 1 cards per card region 4096

Heap:
 garbage-first heap   total 0K, used 0K [0x0000000704c00000, 0x0000000800000000)
  region size 2048K, 0 young (0K), 0 survivors (0K)

[error occurred during error reporting (printing heap information), id 0xc0000005, EXCEPTION_ACCESS_VIOLATION (0xc0000005) at pc=0x00007ffe57876649]

GC Heap History (0 events):
No events

Dll operation events (1 events):
Event: 0.008 Loaded shared library C:\Program Files\Java\jdk-19\bin\java.dll

Deoptimization events (0 events):
No events

Classes loaded (0 events):
No events

Classes unloaded (0 events):
No events

Classes redefined (0 events):
No events

Internal exceptions (0 events):
No events

VM Operations (0 events):
No events

Events (0 events):
No events


Dynamic libraries:
0x00007ff67e4e0000 - 0x00007ff67e4f0000 	C:\Program Files\Java\jdk-19\bin\javaw.exe
0x00007ffef7670000 - 0x00007ffef7886000 	C:\WINDOWS\SYSTEM32\ntdll.dll
0x00007ffef6d10000 - 0x00007ffef6dd4000 	C:\WINDOWS\System32\KERNEL32.DLL
0x00007ffef49b0000 - 0x00007ffef4d56000 	C:\WINDOWS\System32\KERNELBASE.dll
0x00007ffef4dd0000 - 0x00007ffef4ee1000 	C:\WINDOWS\System32\ucrtbase.dll
0x00007ffee58b0000 - 0x00007ffee58c8000 	C:\Program Files\Java\jdk-19\bin\jli.dll
0x00007ffee5760000 - 0x00007ffee577b000 	C:\Program Files\Java\jdk-19\bin\VCRUNTIME140.dll
0x00007ffef7570000 - 0x00007ffef7622000 	C:\WINDOWS\System32\ADVAPI32.dll
0x00007ffef5f20000 - 0x00007ffef5fc7000 	C:\WINDOWS\System32\msvcrt.dll
0x00007ffef60d0000 - 0x00007ffef6178000 	C:\WINDOWS\System32\sechost.dll
0x00007ffef5120000 - 0x00007ffef5148000 	C:\WINDOWS\System32\bcrypt.dll
0x00007ffef7110000 - 0x00007ffef7225000 	C:\WINDOWS\System32\RPCRT4.dll
0x00007ffef6b60000 - 0x00007ffef6d0d000 	C:\WINDOWS\System32\USER32.dll
0x00007ffef51d0000 - 0x00007ffef51f6000 	C:\WINDOWS\System32\win32u.dll
0x00007ffef3d00000 - 0x00007ffef3f93000 	C:\WINDOWS\WinSxS\amd64_microsoft.windows.common-controls_6595b64144ccf1df_6.0.22621.3235_none_270f74e173860f98\COMCTL32.dll
0x00007ffef5db0000 - 0x00007ffef5dd9000 	C:\WINDOWS\System32\GDI32.dll
0x00007ffef52a0000 - 0x00007ffef53b8000 	C:\WINDOWS\System32\gdi32full.dll
0x00007ffef5200000 - 0x00007ffef529a000 	C:\WINDOWS\System32\msvcp_win.dll
0x00007ffef2f20000 - 0x00007ffef2f2a000 	C:\WINDOWS\SYSTEM32\VERSION.dll
0x00007ffef5d70000 - 0x00007ffef5da1000 	C:\WINDOWS\System32\IMM32.DLL
0x00007ffef3380000 - 0x00007ffef338c000 	C:\Program Files\Java\jdk-19\bin\vcruntime140_1.dll
0x00007ffe9e1a0000 - 0x00007ffe9e22e000 	C:\Program Files\Java\jdk-19\bin\msvcp140.dll
0x00007ffe57130000 - 0x00007ffe57df0000 	C:\Program Files\Java\jdk-19\bin\server\jvm.dll
0x00007ffed3fe0000 - 0x00007ffed3fe9000 	C:\WINDOWS\SYSTEM32\WSOCK32.dll
0x00007ffef74f0000 - 0x00007ffef7561000 	C:\WINDOWS\System32\WS2_32.dll
0x00007ffee7fd0000 - 0x00007ffee8004000 	C:\WINDOWS\SYSTEM32\WINMM.dll
0x00007ffef2ac0000 - 0x00007ffef2ad8000 	C:\WINDOWS\SYSTEM32\kernel.appcore.dll
0x00007ffee51b0000 - 0x00007ffee51ba000 	C:\Program Files\Java\jdk-19\bin\jimage.dll
0x00007ffef4320000 - 0x00007ffef4553000 	C:\WINDOWS\SYSTEM32\DBGHELP.DLL
0x00007ffef67c0000 - 0x00007ffef6b48000 	C:\WINDOWS\System32\combase.dll
0x00007ffef7280000 - 0x00007ffef7357000 	C:\WINDOWS\System32\OLEAUT32.dll
0x00007ffef41a0000 - 0x00007ffef41d2000 	C:\WINDOWS\SYSTEM32\dbgcore.DLL
0x00007ffef5150000 - 0x00007ffef51ca000 	C:\WINDOWS\System32\bcryptPrimitives.dll
0x00007ffef33f0000 - 0x00007ffef33fe000 	C:\Program Files\Java\jdk-19\bin\instrument.dll
0x00007ffeda950000 - 0x00007ffeda976000 	C:\Program Files\Java\jdk-19\bin\java.dll

dbghelp: loaded successfully - version: 4.0.5 - missing functions: none
symbol engine: initialized successfully - sym options: 0x614 - pdb path: .;C:\Program Files\Java\jdk-19\bin;C:\WINDOWS\SYSTEM32;C:\WINDOWS\WinSxS\amd64_microsoft.windows.common-controls_6595b64144ccf1df_6.0.22621.3235_none_270f74e173860f98;C:\Program Files\Java\jdk-19\bin\server

VM Arguments:
jvm_args: -javaagent:C:\Users\ASUS\eclipse\java-2023-12\eclipse\configuration\org.eclipse.osgi\481\0\.cp\jacocoagent.jar=includes=*,excludes=**/Main,exclclassloader=sun.reflect.DelegatingClassLoader,output=tcpclient,port=51862 -ea -Dfile.encoding=UTF-8 -Dstdout.encoding=UTF-8 -Dstderr.encoding=UTF-8 -XX:+ShowCodeDetailsInExceptionMessages 
java_command: org.eclipse.jdt.internal.junit.runner.RemoteTestRunner -version 3 -port 51863 -testLoaderClass org.eclipse.jdt.internal.junit4.runner.JUnit4TestLoader -loaderpluginname org.eclipse.jdt.junit4.runtime -testNameFile C:\Users\ASUS\AppData\Local\Temp\testNames507388838769439074.txt
java_class_path (initial): C:\Users\ASUS\Downloads\EventPlanner2024 (1)\EventPlanner2024\target\test-classes;C:\Users\ASUS\Downloads\EventPlanner2024 (1)\EventPlanner2024\target\classes;C:\Users\ASUS\.m2\repository\io\cucumber\cucumber-picocontainer\7.15.0\cucumber-picocontainer-7.15.0.jar;C:\Users\ASUS\.m2\repository\org\apiguardian\apiguardian-api\1.1.2\apiguardian-api-1.1.2.jar;C:\Users\ASUS\.m2\repository\org\picocontainer\picocontainer\2.15\picocontainer-2.15.jar;C:\Users\ASUS\.m2\repository\io\cucumber\cucumber-core\7.15.0\cucumber-core-7.15.0.jar;C:\Users\ASUS\.m2\repository\io\cucumber\cucumber-gherkin\7.15.0\cucumber-gherkin-7.15.0.jar;C:\Users\ASUS\.m2\repository\io\cucumber\cucumber-gherkin-messages\7.15.0\cucumber-gherkin-messages-7.15.0.jar;C:\Users\ASUS\.m2\repository\io\cucumber\gherkin\26.2.0\gherkin-26.2.0.jar;C:\Users\ASUS\.m2\repository\io\cucumber\messages\22.0.0\messages-22.0.0.jar;C:\Users\ASUS\.m2\repository\io\cucumber\tag-expressions\6.0.0\tag-expressions-6.0.0.jar;C:\Users\ASUS\.m2\repository\io\cucumber\cucumber-expressions\17.0.1\cucumber-expressions-17.0.1.jar;C:\Users\ASUS\.m2\repository\io\cucumber\datatable\7.15.0\datatable-7.15.0.jar;C:\Users\ASUS\.m2\repository\io\cucumber\cucumber-plugin\7.15.0\cucumber-plugin-7.15.0.jar;C:\Users\ASUS\.m2\repository\io\cucumber\docstring\7.15.0\docstring-7.15.0.jar;C:\Users\ASUS\.m2\repository\io\cucumber\html-formatter\20.4.0\html-formatter-20.4.0.jar;C:\Users\ASUS\.m2\repository\io\cucumber\junit-xml-formatter\0.2.0\junit-xml-formatter-0.2.0.jar;C:\Users\ASUS\.m2\repository\io\cucumber\ci-environment\10.0.0\ci-environment-10.0.0.jar;C:\Users\ASUS\.m2\repository\io\cucumber\cucumber-java\7.15.0\cucumber-java-7.15.0.jar;C:\Users\ASUS\.m2\repository\io\cucumber\cucumber-junit\7.15.0\cucumber-junit-7.15.0.jar;C:\Users\ASUS\.m2\repository\junit\junit\4.13.2\junit-4.13.2.jar;C:\Users\ASUS\.m2\repository\org\hamcrest\hamcrest-core\1.3\hamcrest-core-1.3.jar;C:\Users\ASUS\.m2\repository\com\sun\mail\javax.mail\1.6.2\javax.mail-1.6.2.jar;C:\Users\ASUS\.m2\repository\javax\activation\activation\1.1\activation-1.1.jar;C:\Users\ASUS\eclipse\java-2023-12\eclipse\configuration\org.eclipse.osgi\247\0\.cp;C:\Users\ASUS\eclipse\java-2023-12\eclipse\configuration\org.eclipse.osgi\246\0\.cp
Launcher Type: SUN_STANDARD

[Global flags]
     intx CICompilerCount                          = 4                                         {product} {ergonomic}
     uint ConcGCThreads                            = 2                                         {product} {ergonomic}
     uint G1ConcRefinementThreads                  = 8                                         {product} {ergonomic}
   size_t G1HeapRegionSize                         = 2097152                                   {product} {ergonomic}
    uintx GCDrainStackTargetSize                   = 64                                        {product} {ergonomic}
   size_t InitialHeapSize                          = 264241152                                 {product} {ergonomic}
   size_t MarkStackSize                            = 4194304                                   {product} {ergonomic}
   size_t MaxHeapSize                              = 4215275520                                {product} {ergonomic}
   size_t MinHeapDeltaBytes                        = 2097152                                   {product} {ergonomic}
   size_t MinHeapSize                              = 8388608                                   {product} {ergonomic}
    uintx NonNMethodCodeHeapSize                   = 5839372                                {pd product} {ergonomic}
    uintx NonProfiledCodeHeapSize                  = 122909434                              {pd product} {ergonomic}
    uintx ProfiledCodeHeapSize                     = 122909434                              {pd product} {ergonomic}
    uintx ReservedCodeCacheSize                    = 251658240                              {pd product} {ergonomic}
     bool SegmentedCodeCache                       = true                                      {product} {ergonomic}
     bool ShowCodeDetailsInExceptionMessages       = true                                   {manageable} {command line}
   size_t SoftMaxHeapSize                          = 4215275520                             {manageable} {ergonomic}
     bool UseCompressedClassPointers               = true                           {product lp64_product} {ergonomic}
     bool UseCompressedOops                        = true                           {product lp64_product} {ergonomic}
     bool UseG1GC                                  = true                                      {product} {ergonomic}
     bool UseLargePagesIndividualAllocation        = false                                  {pd product} {ergonomic}

Logging:
Log output configuration:
 #0: stdout all=warning uptime,level,tags foldmultilines=false
 #1: stderr all=off uptime,level,tags foldmultilines=false

Environment Variables:
PATH=C:\Program Files\Common Files\Oracle\Java\javapath;C:\WINDOWS\system32;C:\WINDOWS;C:\WINDOWS\System32\Wbem;C:\WINDOWS\System32\WindowsPowerShell\v1.0\;C:\WINDOWS\System32\OpenSSH\;C:\Program Files\dotnet\;C:\Program Files\Microsoft SQL Server\150\Tools\Binn\;C:\Program Files\Microsoft SQL Server\Client SDK\ODBC\170\Tools\Binn\;C:\Program Files\MySQL\MySQL Server 8.0\bin;C:\Program Files\Git\cmd;C:\Users\ASUS\AppData\Local\Microsoft\WindowsApps;;C:\Program Files\JetBrains\IntelliJ IDEA Community Edition 2022.3.1\bin;;C:\Users\ASUS\AppData\Local\Programs\Microsoft VS Code\bin;C:\Users\ASUS\.dotnet\tools;C:\Program Files\JetBrains\PhpStorm 2023.3\bin;
USERNAME=ASUS
OS=Windows_NT
PROCESSOR_IDENTIFIER=Intel64 Family 6 Model 140 Stepping 1, GenuineIntel
TMP=C:\Users\ASUS\AppData\Local\Temp
TEMP=C:\Users\ASUS\AppData\Local\Temp



---------------  S Y S T E M  ---------------

OS:
 Windows 11 , 64 bit Build 22621 (10.0.22621.3235)
OS uptime: 0 days 4:54 hours

CPU: total 8 (initial active 8) (4 cores per cpu, 2 threads per core) family 6 model 140 stepping 1 microcode 0x86, cx8, cmov, fxsr, ht, mmx, 3dnowpref, sse, sse2, sse3, ssse3, sse4.1, sse4.2, popcnt, lzcnt, tsc, tscinvbit, avx, avx2, aes, erms, clmul, bmi1, bmi2, adx, avx512f, avx512dq, avx512cd, avx512bw, avx512vl, sha, fma, vzeroupper, avx512_vpopcntdq, avx512_vpclmulqdq, avx512_vaes, avx512_vnni, clflush, clflushopt, clwb, avx512_vbmi2, avx512_vbmi, rdtscp, rdpid, fsrm, gfni, avx512_bitalg

Memory: 4k page, system-wide physical 16078M (5733M free)
TotalPageFile size 46492M (AvailPageFile size 5M)
current process WorkingSet (physical memory assigned to process): 11M, peak: 11M
current process commit charge ("private bytes"): 317M, peak: 321M

vm_info: Java HotSpot(TM) 64-Bit Server VM (19.0.2+7-44) for windows-amd64 JRE (19.0.2+7-44), built on 2022-11-30T18:02:09Z by "mach5one" with MS VC++ 17.1 (VS2022)

END.
